<?xml version="1.0" encoding="UTF-8"?>
<coverage generated="1764238654905" clover="3.2.0">
  <project timestamp="1764238654905" name="All files">
    <metrics statements="40" coveredstatements="39" conditionals="14" coveredconditionals="11" methods="18" coveredmethods="17" elements="72" coveredelements="67" complexity="0" loc="40" ncloc="40" packages="2" files="7" classes="7"/>
    <package name="src">
      <metrics statements="9" coveredstatements="9" conditionals="0" coveredconditionals="0" methods="4" coveredmethods="4"/>
      <file name="App.jsx" path="C:\Users\Afaq\OneDrive\Full stack web development\Bootcamp 2024\2 Immersion\Acheivement 4\4.1\meet\src\App.jsx">
        <metrics statements="2" coveredstatements="2" conditionals="0" coveredconditionals="0" methods="1" coveredmethods="1"/>
        <line num="4" count="1" type="stmt"/>
        <line num="5" count="2" type="stmt"/>
      </file>
      <file name="api.js" path="C:\Users\Afaq\OneDrive\Full stack web development\Bootcamp 2024\2 Immersion\Acheivement 4\4.1\meet\src\api.js">
        <metrics statements="6" coveredstatements="6" conditionals="0" coveredconditionals="0" methods="3" coveredmethods="3"/>
        <line num="11" count="3" type="stmt"/>
        <line num="12" count="70" type="stmt"/>
        <line num="13" count="2" type="stmt"/>
        <line num="14" count="2" type="stmt"/>
        <line num="21" count="3" type="stmt"/>
        <line num="22" count="4" type="stmt"/>
      </file>
      <file name="mock-data.js" path="C:\Users\Afaq\OneDrive\Full stack web development\Bootcamp 2024\2 Immersion\Acheivement 4\4.1\meet\src\mock-data.js">
        <metrics statements="1" coveredstatements="1" conditionals="0" coveredconditionals="0" methods="0" coveredmethods="0"/>
        <line num="3" count="3" type="stmt"/>
      </file>
    </package>
    <package name="src.components">
      <metrics statements="31" coveredstatements="30" conditionals="14" coveredconditionals="11" methods="14" coveredmethods="13"/>
      <file name="CitySearch.jsx" path="C:\Users\Afaq\OneDrive\Full stack web development\Bootcamp 2024\2 Immersion\Acheivement 4\4.1\meet\src\components\CitySearch.jsx">
        <metrics statements="17" coveredstatements="17" conditionals="4" coveredconditionals="3" methods="6" coveredmethods="6"/>
        <line num="3" count="2" type="stmt"/>
        <line num="4" count="25" type="stmt"/>
        <line num="5" count="25" type="stmt"/>
        <line num="6" count="25" type="stmt"/>
        <line num="8" count="25" type="stmt"/>
        <line num="9" count="12" type="stmt"/>
        <line num="10" count="12" type="cond" truecount="1" falsecount="1"/>
        <line num="12" count="24" type="stmt"/>
        <line num="16" count="12" type="stmt"/>
        <line num="17" count="12" type="stmt"/>
        <line num="20" count="25" type="stmt"/>
        <line num="21" count="1" type="stmt"/>
        <line num="22" count="1" type="stmt"/>
        <line num="23" count="1" type="stmt"/>
        <line num="26" count="25" type="stmt"/>
        <line num="33" count="3" type="stmt"/>
        <line num="39" count="12" type="stmt"/>
      </file>
      <file name="Event.jsx" path="C:\Users\Afaq\OneDrive\Full stack web development\Bootcamp 2024\2 Immersion\Acheivement 4\4.1\meet\src\components\Event.jsx">
        <metrics statements="5" coveredstatements="5" conditionals="8" coveredconditionals="6" methods="3" coveredmethods="3"/>
        <line num="3" count="3" type="stmt"/>
        <line num="4" count="42" type="stmt"/>
        <line num="6" count="42" type="stmt"/>
        <line num="17" count="2" type="stmt"/>
        <line num="24" count="1" type="stmt"/>
      </file>
      <file name="EventList.jsx" path="C:\Users\Afaq\OneDrive\Full stack web development\Bootcamp 2024\2 Immersion\Acheivement 4\4.1\meet\src\components\EventList.jsx">
        <metrics statements="3" coveredstatements="3" conditionals="2" coveredconditionals="2" methods="2" coveredmethods="2"/>
        <line num="4" count="2" type="stmt"/>
        <line num="5" count="5" type="stmt"/>
        <line num="8" count="35" type="stmt"/>
      </file>
      <file name="NumberOfEvents.jsx" path="C:\Users\Afaq\OneDrive\Full stack web development\Bootcamp 2024\2 Immersion\Acheivement 4\4.1\meet\src\components\NumberOfEvents.jsx">
        <metrics statements="6" coveredstatements="5" conditionals="0" coveredconditionals="0" methods="3" coveredmethods="2"/>
        <line num="3" count="1" type="stmt"/>
        <line num="4" count="5" type="stmt"/>
        <line num="6" count="5" type="stmt"/>
        <line num="7" count="0" type="stmt"/>
        <line num="10" count="5" type="stmt"/>
        <line num="18" count="3" type="stmt"/>
      </file>
    </package>
  </project>
</coverage>
