{"C:\\Users\\Afaq\\OneDrive\\Full stack web development\\Bootcamp 2024\\2 Immersion\\Acheivement 4\\4.1\\meet\\src\\App.jsx": {"path":"C:\\Users\\Afaq\\OneDrive\\Full stack web development\\Bootcamp 2024\\2 Immersion\\Acheivement 4\\4.1\\meet\\src\\App.jsx","statementMap":{"0":{"start":{"line":4,"column":12},"end":{"line":11,"column":1}},"1":{"start":{"line":5,"column":2},"end":{"line":10,"column":4}}},"fnMap":{"0":{"name":"(anonymous_0)","decl":{"start":{"line":4,"column":12},"end":{"line":4,"column":13}},"loc":{"start":{"line":4,"column":18},"end":{"line":11,"column":1}},"line":4}},"branchMap":{},"s":{"0":1,"1":2},"f":{"0":2},"b":{},"_coverageSchema":"1a1c01bbd47fc00a2c39e90264f33305004495a9","hash":"11ff156194b4834d241799c6838213bce6593918"}
,"C:\\Users\\Afaq\\OneDrive\\Full stack web development\\Bootcamp 2024\\2 Immersion\\Acheivement 4\\4.1\\meet\\src\\api.js": {"path":"C:\\Users\\Afaq\\OneDrive\\Full stack web development\\Bootcamp 2024\\2 Immersion\\Acheivement 4\\4.1\\meet\\src\\api.js","statementMap":{"0":{"start":{"line":11,"column":32},"end":{"line":15,"column":1}},"1":{"start":{"line":12,"column":29},"end":{"line":12,"column":66}},"2":{"start":{"line":12,"column":51},"end":{"line":12,"column":65}},"3":{"start":{"line":13,"column":20},"end":{"line":13,"column":52}},"4":{"start":{"line":14,"column":2},"end":{"line":14,"column":19}},"5":{"start":{"line":21,"column":25},"end":{"line":23,"column":1}},"6":{"start":{"line":22,"column":2},"end":{"line":22,"column":18}}},"fnMap":{"0":{"name":"(anonymous_0)","decl":{"start":{"line":11,"column":32},"end":{"line":11,"column":33}},"loc":{"start":{"line":11,"column":44},"end":{"line":15,"column":1}},"line":11},"1":{"name":"(anonymous_1)","decl":{"start":{"line":12,"column":40},"end":{"line":12,"column":41}},"loc":{"start":{"line":12,"column":51},"end":{"line":12,"column":65}},"line":12},"2":{"name":"(anonymous_2)","decl":{"start":{"line":21,"column":25},"end":{"line":21,"column":26}},"loc":{"start":{"line":21,"column":37},"end":{"line":23,"column":1}},"line":21}},"branchMap":{},"s":{"0":3,"1":2,"2":70,"3":2,"4":2,"5":3,"6":4},"f":{"0":2,"1":70,"2":4},"b":{},"_coverageSchema":"1a1c01bbd47fc00a2c39e90264f33305004495a9","hash":"91eecb952a9c1459a0d18dfb18b4faf505c266ae"}
,"C:\\Users\\Afaq\\OneDrive\\Full stack web development\\Bootcamp 2024\\2 Immersion\\Acheivement 4\\4.1\\meet\\src\\mock-data.js": {"path":"C:\\Users\\Afaq\\OneDrive\\Full stack web development\\Bootcamp 2024\\2 Immersion\\Acheivement 4\\4.1\\meet\\src\\mock-data.js","statementMap":{"0":{"start":{"line":3,"column":17},"end":{"line":1439,"column":1}}},"fnMap":{},"branchMap":{},"s":{"0":3},"f":{},"b":{},"_coverageSchema":"1a1c01bbd47fc00a2c39e90264f33305004495a9","hash":"160866532f6ce6c3e95cb1c0ae8e950ffe0cd7c6"}
,"C:\\Users\\Afaq\\OneDrive\\Full stack web development\\Bootcamp 2024\\2 Immersion\\Acheivement 4\\4.1\\meet\\src\\components\\CitySearch.jsx": {"path":"C:\\Users\\Afaq\\OneDrive\\Full stack web development\\Bootcamp 2024\\2 Immersion\\Acheivement 4\\4.1\\meet\\src\\components\\CitySearch.jsx","statementMap":{"0":{"start":{"line":3,"column":19},"end":{"line":52,"column":1}},"1":{"start":{"line":4,"column":48},"end":{"line":4,"column":63}},"2":{"start":{"line":5,"column":28},"end":{"line":5,"column":40}},"3":{"start":{"line":6,"column":40},"end":{"line":6,"column":52}},"4":{"start":{"line":8,"column":29},"end":{"line":18,"column":3}},"5":{"start":{"line":9,"column":18},"end":{"line":9,"column":36}},"6":{"start":{"line":10,"column":30},"end":{"line":14,"column":10}},"7":{"start":{"line":12,"column":10},"end":{"line":12,"column":74}},"8":{"start":{"line":16,"column":4},"end":{"line":16,"column":20}},"9":{"start":{"line":17,"column":4},"end":{"line":17,"column":38}},"10":{"start":{"line":20,"column":28},"end":{"line":24,"column":3}},"11":{"start":{"line":21,"column":18},"end":{"line":21,"column":42}},"12":{"start":{"line":22,"column":4},"end":{"line":22,"column":20}},"13":{"start":{"line":23,"column":4},"end":{"line":23,"column":30}},"14":{"start":{"line":26,"column":2},"end":{"line":51,"column":4}},"15":{"start":{"line":33,"column":23},"end":{"line":33,"column":47}},"16":{"start":{"line":39,"column":12},"end":{"line":43,"column":14}}},"fnMap":{"0":{"name":"(anonymous_0)","decl":{"start":{"line":3,"column":19},"end":{"line":3,"column":20}},"loc":{"start":{"line":3,"column":41},"end":{"line":52,"column":1}},"line":3},"1":{"name":"(anonymous_1)","decl":{"start":{"line":8,"column":29},"end":{"line":8,"column":30}},"loc":{"start":{"line":8,"column":40},"end":{"line":18,"column":3}},"line":8},"2":{"name":"(anonymous_2)","decl":{"start":{"line":11,"column":28},"end":{"line":11,"column":29}},"loc":{"start":{"line":11,"column":42},"end":{"line":13,"column":9}},"line":11},"3":{"name":"(anonymous_3)","decl":{"start":{"line":20,"column":28},"end":{"line":20,"column":29}},"loc":{"start":{"line":20,"column":39},"end":{"line":24,"column":3}},"line":20},"4":{"name":"(anonymous_4)","decl":{"start":{"line":33,"column":17},"end":{"line":33,"column":18}},"loc":{"start":{"line":33,"column":23},"end":{"line":33,"column":47}},"line":33},"5":{"name":"(anonymous_5)","decl":{"start":{"line":38,"column":27},"end":{"line":38,"column":28}},"loc":{"start":{"line":38,"column":43},"end":{"line":44,"column":11}},"line":38}},"branchMap":{"0":{"loc":{"start":{"line":10,"column":30},"end":{"line":14,"column":10}},"type":"cond-expr","locations":[{"start":{"line":11,"column":8},"end":{"line":13,"column":10}},{"start":{"line":14,"column":8},"end":{"line":14,"column":10}}],"line":10},"1":{"loc":{"start":{"line":36,"column":7},"end":{"line":49,"column":14}},"type":"cond-expr","locations":[{"start":{"line":37,"column":8},"end":{"line":48,"column":13}},{"start":{"line":49,"column":10},"end":{"line":49,"column":14}}],"line":36}},"s":{"0":2,"1":25,"2":25,"3":25,"4":25,"5":12,"6":12,"7":24,"8":12,"9":12,"10":25,"11":1,"12":1,"13":1,"14":25,"15":3,"16":12},"f":{"0":25,"1":12,"2":24,"3":1,"4":3,"5":12},"b":{"0":[12,0],"1":[15,10]},"_coverageSchema":"1a1c01bbd47fc00a2c39e90264f33305004495a9","hash":"e03c788063bcdc1a57b77aaff466f1c7da88d25b"}
,"C:\\Users\\Afaq\\OneDrive\\Full stack web development\\Bootcamp 2024\\2 Immersion\\Acheivement 4\\4.1\\meet\\src\\components\\Event.jsx": {"path":"C:\\Users\\Afaq\\OneDrive\\Full stack web development\\Bootcamp 2024\\2 Immersion\\Acheivement 4\\4.1\\meet\\src\\components\\Event.jsx","statementMap":{"0":{"start":{"line":3,"column":14},"end":{"line":45,"column":1}},"1":{"start":{"line":4,"column":40},"end":{"line":4,"column":55}},"2":{"start":{"line":6,"column":2},"end":{"line":44,"column":4}},"3":{"start":{"line":17,"column":25},"end":{"line":17,"column":45}},"4":{"start":{"line":24,"column":25},"end":{"line":24,"column":46}}},"fnMap":{"0":{"name":"(anonymous_0)","decl":{"start":{"line":3,"column":14},"end":{"line":3,"column":15}},"loc":{"start":{"line":3,"column":29},"end":{"line":45,"column":1}},"line":3},"1":{"name":"(anonymous_1)","decl":{"start":{"line":17,"column":19},"end":{"line":17,"column":20}},"loc":{"start":{"line":17,"column":25},"end":{"line":17,"column":45}},"line":17},"2":{"name":"(anonymous_2)","decl":{"start":{"line":24,"column":19},"end":{"line":24,"column":20}},"loc":{"start":{"line":24,"column":25},"end":{"line":24,"column":46}},"line":24}},"branchMap":{"0":{"loc":{"start":{"line":14,"column":7},"end":{"line":28,"column":7}},"type":"cond-expr","locations":[{"start":{"line":15,"column":8},"end":{"line":20,"column":17}},{"start":{"line":22,"column":8},"end":{"line":27,"column":17}}],"line":14},"1":{"loc":{"start":{"line":31,"column":7},"end":{"line":42,"column":7}},"type":"binary-expr","locations":[{"start":{"line":31,"column":7},"end":{"line":31,"column":18}},{"start":{"line":32,"column":8},"end":{"line":41,"column":18}}],"line":31},"2":{"loc":{"start":{"line":36,"column":37},"end":{"line":36,"column":79}},"type":"binary-expr","locations":[{"start":{"line":36,"column":37},"end":{"line":36,"column":58}},{"start":{"line":36,"column":62},"end":{"line":36,"column":79}}],"line":36},"3":{"loc":{"start":{"line":39,"column":35},"end":{"line":39,"column":73}},"type":"binary-expr","locations":[{"start":{"line":39,"column":35},"end":{"line":39,"column":54}},{"start":{"line":39,"column":58},"end":{"line":39,"column":73}}],"line":39}},"s":{"0":3,"1":42,"2":42,"3":2,"4":1},"f":{"0":42,"1":2,"2":1},"b":{"0":[40,2],"1":[42,2],"2":[2,0],"3":[2,0]},"_coverageSchema":"1a1c01bbd47fc00a2c39e90264f33305004495a9","hash":"df8b222fea74ae0b54e29c0da398ccb3d27706d9"}
,"C:\\Users\\Afaq\\OneDrive\\Full stack web development\\Bootcamp 2024\\2 Immersion\\Acheivement 4\\4.1\\meet\\src\\components\\EventList.jsx": {"path":"C:\\Users\\Afaq\\OneDrive\\Full stack web development\\Bootcamp 2024\\2 Immersion\\Acheivement 4\\4.1\\meet\\src\\components\\EventList.jsx","statementMap":{"0":{"start":{"line":4,"column":18},"end":{"line":12,"column":1}},"1":{"start":{"line":5,"column":2},"end":{"line":11,"column":4}},"2":{"start":{"line":8,"column":32},"end":{"line":8,"column":70}}},"fnMap":{"0":{"name":"(anonymous_0)","decl":{"start":{"line":4,"column":18},"end":{"line":4,"column":19}},"loc":{"start":{"line":4,"column":34},"end":{"line":12,"column":1}},"line":4},"1":{"name":"(anonymous_1)","decl":{"start":{"line":8,"column":21},"end":{"line":8,"column":22}},"loc":{"start":{"line":8,"column":32},"end":{"line":8,"column":70}},"line":8}},"branchMap":{"0":{"loc":{"start":{"line":7,"column":7},"end":{"line":9,"column":14}},"type":"cond-expr","locations":[{"start":{"line":8,"column":10},"end":{"line":8,"column":71}},{"start":{"line":9,"column":10},"end":{"line":9,"column":14}}],"line":7}},"s":{"0":2,"1":5,"2":35},"f":{"0":5,"1":35},"b":{"0":[1,4]},"_coverageSchema":"1a1c01bbd47fc00a2c39e90264f33305004495a9","hash":"325c9c1f88c68d5199630f9fa4fb2e27c5a027cb"}
,"C:\\Users\\Afaq\\OneDrive\\Full stack web development\\Bootcamp 2024\\2 Immersion\\Acheivement 4\\4.1\\meet\\src\\components\\NumberOfEvents.jsx": {"path":"C:\\Users\\Afaq\\OneDrive\\Full stack web development\\Bootcamp 2024\\2 Immersion\\Acheivement 4\\4.1\\meet\\src\\components\\NumberOfEvents.jsx","statementMap":{"0":{"start":{"line":3,"column":23},"end":{"line":22,"column":1}},"1":{"start":{"line":4,"column":38},"end":{"line":4,"column":52}},"2":{"start":{"line":6,"column":29},"end":{"line":8,"column":3}},"3":{"start":{"line":7,"column":4},"end":{"line":7,"column":38}},"4":{"start":{"line":10,"column":2},"end":{"line":21,"column":4}},"5":{"start":{"line":18,"column":25},"end":{"line":18,"column":54}}},"fnMap":{"0":{"name":"(anonymous_0)","decl":{"start":{"line":3,"column":23},"end":{"line":3,"column":24}},"loc":{"start":{"line":3,"column":29},"end":{"line":22,"column":1}},"line":3},"1":{"name":"(anonymous_1)","decl":{"start":{"line":6,"column":29},"end":{"line":6,"column":30}},"loc":{"start":{"line":6,"column":40},"end":{"line":8,"column":3}},"line":6},"2":{"name":"(anonymous_2)","decl":{"start":{"line":18,"column":18},"end":{"line":18,"column":19}},"loc":{"start":{"line":18,"column":25},"end":{"line":18,"column":54}},"line":18}},"branchMap":{},"s":{"0":1,"1":5,"2":5,"3":0,"4":5,"5":3},"f":{"0":5,"1":0,"2":3},"b":{},"_coverageSchema":"1a1c01bbd47fc00a2c39e90264f33305004495a9","hash":"a0afa1a82b4245647c5ffbe972dd8d60c30fbc6b"}
}
