TN:
SF:src\App.jsx
FN:4,(anonymous_0)
FNF:1
FNH:1
FNDA:2,(anonymous_0)
DA:4,1
DA:5,2
LF:2
LH:2
BRF:0
BRH:0
end_of_record
TN:
SF:src\api.js
FN:11,(anonymous_0)
FN:12,(anonymous_1)
FN:21,(anonymous_2)
FNF:3
FNH:3
FNDA:2,(anonymous_0)
FNDA:70,(anonymous_1)
FNDA:4,(anonymous_2)
DA:11,3
DA:12,70
DA:13,2
DA:14,2
DA:21,3
DA:22,4
LF:6
LH:6
BRF:0
BRH:0
end_of_record
TN:
SF:src\mock-data.js
FNF:0
FNH:0
DA:3,3
LF:1
LH:1
BRF:0
BRH:0
end_of_record
TN:
SF:src\components\CitySearch.jsx
FN:3,(anonymous_0)
FN:8,(anonymous_1)
FN:11,(anonymous_2)
FN:20,(anonymous_3)
FN:33,(anonymous_4)
FN:38,(anonymous_5)
FNF:6
FNH:6
FNDA:25,(anonymous_0)
FNDA:12,(anonymous_1)
FNDA:24,(anonymous_2)
FNDA:1,(anonymous_3)
FNDA:3,(anonymous_4)
FNDA:12,(anonymous_5)
DA:3,2
DA:4,25
DA:5,25
DA:6,25
DA:8,25
DA:9,12
DA:10,12
DA:12,24
DA:16,12
DA:17,12
DA:20,25
DA:21,1
DA:22,1
DA:23,1
DA:26,25
DA:33,3
DA:39,12
LF:17
LH:17
BRDA:10,0,0,12
BRDA:10,0,1,0
BRDA:36,1,0,15
BRDA:36,1,1,10
BRF:4
BRH:3
end_of_record
TN:
SF:src\components\Event.jsx
FN:3,(anonymous_0)
FN:17,(anonymous_1)
FN:24,(anonymous_2)
FNF:3
FNH:3
FNDA:42,(anonymous_0)
FNDA:2,(anonymous_1)
FNDA:1,(anonymous_2)
DA:3,3
DA:4,42
DA:6,42
DA:17,2
DA:24,1
LF:5
LH:5
BRDA:14,0,0,40
BRDA:14,0,1,2
BRDA:31,1,0,42
BRDA:31,1,1,2
BRDA:36,2,0,2
BRDA:36,2,1,0
BRDA:39,3,0,2
BRDA:39,3,1,0
BRF:8
BRH:6
end_of_record
TN:
SF:src\components\EventList.jsx
FN:4,(anonymous_0)
FN:8,(anonymous_1)
FNF:2
FNH:2
FNDA:5,(anonymous_0)
FNDA:35,(anonymous_1)
DA:4,2
DA:5,5
DA:8,35
LF:3
LH:3
BRDA:7,0,0,1
BRDA:7,0,1,4
BRF:2
BRH:2
end_of_record
TN:
SF:src\components\NumberOfEvents.jsx
FN:3,(anonymous_0)
FN:6,(anonymous_1)
FN:18,(anonymous_2)
FNF:3
FNH:2
FNDA:5,(anonymous_0)
FNDA:0,(anonymous_1)
FNDA:3,(anonymous_2)
DA:3,1
DA:4,5
DA:6,5
DA:7,0
DA:10,5
DA:18,3
LF:6
LH:5
BRF:0
BRH:0
end_of_record
