TN:
SF:src\App.jsx
FN:9,(anonymous_0)
FN:15,(anonymous_1)
FN:19,(anonymous_2)
FN:24,(anonymous_3)
FNF:4
FNH:4
FNDA:21,(anonymous_0)
FNDA:11,(anonymous_1)
FNDA:11,(anonymous_2)
FNDA:35,(anonymous_3)
DA:9,3
DA:10,21
DA:11,20
DA:12,20
DA:13,20
DA:15,20
DA:16,11
DA:19,20
DA:20,11
DA:22,11
DA:24,35
DA:25,11
DA:26,11
DA:29,20
LF:14
LH:14
BRDA:22,0,0,10
BRDA:22,0,1,1
BRF:2
BRH:2
end_of_record
TN:
SF:src\api.js
FN:11,(anonymous_0)
FN:12,(anonymous_1)
FN:17,(anonymous_2)
FN:29,(anonymous_3)
FN:49,(anonymous_4)
FN:71,(anonymous_5)
FN:86,(anonymous_6)
FNF:7
FNH:3
FNDA:14,(anonymous_0)
FNDA:490,(anonymous_1)
FNDA:0,(anonymous_2)
FNDA:17,(anonymous_3)
FNDA:0,(anonymous_4)
FNDA:0,(anonymous_5)
FNDA:0,(anonymous_6)
DA:11,4
DA:12,490
DA:13,14
DA:14,14
DA:17,4
DA:18,0
DA:21,0
DA:22,0
DA:29,4
DA:30,17
DA:31,17
DA:33,0
DA:35,0
DA:36,0
DA:38,0
DA:41,0
DA:42,0
DA:43,0
DA:44,0
DA:45,0
DA:49,4
DA:50,0
DA:52,0
DA:54,0
DA:55,0
DA:56,0
DA:57,0
DA:58,0
DA:59,0
DA:62,0
DA:63,0
DA:64,0
DA:66,0
DA:68,0
DA:71,4
DA:73,0
DA:74,0
DA:79,0
DA:81,0
DA:82,0
DA:86,4
DA:87,0
DA:88,0
DA:93,0
DA:94,0
DA:96,0
LF:46
LH:11
BRDA:30,0,0,17
BRDA:30,0,1,0
BRDA:35,1,0,0
BRDA:35,1,1,0
BRDA:43,2,0,0
BRDA:43,2,1,0
BRDA:52,3,0,0
BRDA:52,3,1,0
BRDA:54,4,0,0
BRDA:54,4,1,0
BRDA:54,5,0,0
BRDA:54,5,1,0
BRDA:58,6,0,0
BRDA:58,6,1,0
BRDA:66,7,0,0
BRDA:66,7,1,0
BRDA:73,8,0,0
BRDA:73,8,1,0
BRDA:73,9,0,0
BRDA:73,9,1,0
BRDA:94,10,0,0
BRDA:94,10,1,0
BRF:22
BRH:1
end_of_record
TN:
SF:src\mock-data.js
FNF:0
FNH:0
DA:3,4
LF:1
LH:1
BRF:0
BRH:0
end_of_record
TN:
SF:src\components\CitySearch.jsx
FN:3,(anonymous_0)
FN:8,(anonymous_1)
FN:11,(anonymous_2)
FN:20,(anonymous_3)
FN:27,(anonymous_4)
FN:38,(anonymous_5)
FN:43,(anonymous_6)
FNF:7
FNH:7
FNDA:68,(anonymous_0)
FNDA:18,(anonymous_1)
FNDA:36,(anonymous_2)
FNDA:2,(anonymous_3)
FNDA:17,(anonymous_4)
FNDA:5,(anonymous_5)
FNDA:26,(anonymous_6)
DA:3,3
DA:4,68
DA:5,68
DA:6,68
DA:8,68
DA:9,18
DA:10,18
DA:12,36
DA:16,18
DA:17,18
DA:20,68
DA:21,2
DA:22,2
DA:23,2
DA:24,2
DA:27,68
DA:28,17
DA:31,68
DA:38,5
DA:44,26
LF:20
LH:20
BRDA:10,0,0,18
BRDA:10,0,1,0
BRDA:41,1,0,24
BRDA:41,1,1,44
BRF:4
BRH:3
end_of_record
TN:
SF:src\components\Event.jsx
FN:3,(anonymous_0)
FN:17,(anonymous_1)
FN:24,(anonymous_2)
FNF:3
FNH:3
FNDA:269,(anonymous_0)
FNDA:2,(anonymous_1)
FNDA:1,(anonymous_2)
DA:3,4
DA:4,269
DA:6,269
DA:17,2
DA:24,1
LF:5
LH:5
BRDA:14,0,0,267
BRDA:14,0,1,2
BRDA:31,1,0,269
BRDA:31,1,1,2
BRDA:36,2,0,2
BRDA:36,2,1,0
BRDA:39,3,0,2
BRDA:39,3,1,0
BRF:8
BRH:6
end_of_record
TN:
SF:src\components\EventList.jsx
FN:4,(anonymous_0)
FN:8,(anonymous_1)
FNF:2
FNH:2
FNDA:23,(anonymous_0)
FNDA:262,(anonymous_1)
DA:4,3
DA:5,23
DA:8,262
LF:3
LH:3
BRDA:7,0,0,21
BRDA:7,0,1,2
BRF:2
BRH:2
end_of_record
TN:
SF:src\components\NumberOfEvents.jsx
FN:3,(anonymous_0)
FN:4,(anonymous_1)
FNF:2
FNH:2
FNDA:22,(anonymous_0)
FNDA:6,(anonymous_1)
DA:3,4
DA:4,22
DA:5,6
DA:6,6
DA:9,22
LF:5
LH:5
BRF:0
BRH:0
end_of_record
